<?xml version="1.0" encoding="UTF-8"?>
<testsuite xmlns:xsi="http://www.w3.org/2001/XMLSchema-instance" xsi:noNamespaceSchemaLocation="https://maven.apache.org/surefire/maven-surefire-plugin/xsd/surefire-test-report-3.0.xsd" version="3.0" name="hu.anzek.backend.invoicesystem.repository.CikkBeolvasTest" time="0.153" tests="2" errors="0" skipped="0" failures="1">
  <properties>
[...]
</properties>
  <testcase name="cikkTheThirdItemOnListIsCodeNumberTwo" classname="hu.anzek.backend.invoicesystem.repository.CikkBeolvasTest" time="0.05">
    <system-out><![CDATA[LINE = > kod : 1
LINE = > megnevezes : Egyes termek
LINE = > mennyisegi_egyseg : raklap
LINE = > egyseg_ar : 152400
LINE = > 
LINE = > kod : 3
LINE = > megnevezes : Harmas termek     
LINE = > mennyisegi_egyseg : db
LINE = > egyseg_ar : 2850
LINE = > 
LINE = > kod : 2
LINE = > megnevezes : Kettes termek
LINE = > mennyisegi_egyseg : kg
LINE = > egyseg_ar : 403
LINE = > 
LINE = > kod : 5
LINE = > megnevezes : Otos termek
LINE = > mennyisegi_egyseg : liter
LINE = > egyseg_ar : 758
LINE = > 
LINE = > kod : 4
LINE = > megnevezes : Negyes termek
LINE = > mennyisegi_egyseg : csomag
LINE = > egyseg_ar : 61500
]]></system-out>
  </testcase>
  <testcase name="cikkRepoShouldNotBeNull" classname="hu.anzek.backend.invoicesystem.repository.CikkBeolvasTest" time="0.029">
    <failure message="expected: &lt;5&gt; but was: &lt;4&gt;" type="org.opentest4j.AssertionFailedError"><![CDATA[org.opentest4j.AssertionFailedError: expected: <5> but was: <4>
	at org.junit.jupiter.api.AssertionFailureBuilder.build(AssertionFailureBuilder.java:151)
	at org.junit.jupiter.api.AssertionFailureBuilder.buildAndThrow(AssertionFailureBuilder.java:132)
	at org.junit.jupiter.api.AssertEquals.failNotEqual(AssertEquals.java:197)
	at org.junit.jupiter.api.AssertEquals.assertEquals(AssertEquals.java:150)
	at org.junit.jupiter.api.AssertEquals.assertEquals(AssertEquals.java:145)
	at org.junit.jupiter.api.Assertions.assertEquals(Assertions.java:527)
	at hu.anzek.backend.invoicesystem.repository.CikkBeolvasTest.cikkRepoShouldNotBeNull(CikkBeolvasTest.java:73)
	at java.base/java.lang.reflect.Method.invoke(Method.java:578)
	at java.base/java.util.ArrayList.forEach(ArrayList.java:1511)
	at java.base/java.util.ArrayList.forEach(ArrayList.java:1511)
]]></failure>
    <system-out><![CDATA[LINE = > kod : 1
LINE = > megnevezes : Egyes termek
LINE = > mennyisegi_egyseg : raklap
LINE = > egyseg_ar : 152400
LINE = > 
LINE = > kod : 3
LINE = > megnevezes : Harmas termek     
LINE = > mennyisegi_egyseg : db
LINE = > egyseg_ar : 2850
LINE = > 
LINE = > kod : 2
LINE = > megnevezes : Kettes termek
LINE = > mennyisegi_egyseg : kg
LINE = > egyseg_ar : 403
LINE = > 
LINE = > kod : 5
LINE = > megnevezes : Otos termek
LINE = > mennyisegi_egyseg : liter
LINE = > egyseg_ar : 758
LINE = > 
LINE = > kod : 4
LINE = > megnevezes : Negyes termek
LINE = > mennyisegi_egyseg : csomag
LINE = > egyseg_ar : 61500
CikkBeolvasTest.Lista.Size() = 5
LINE = > kod : 1
LINE = > megnevezes : Egyes termek
LINE = > mennyisegi_egyseg : raklap
LINE = > egyseg_ar : 152400
LINE = > 
LINE = > kod : 3
LINE = > megnevezes : Harmas termek     
LINE = > mennyisegi_egyseg : db
LINE = > egyseg_ar : 2850
LINE = > 
LINE = > kod : 2
LINE = > megnevezes : Kettes termek
LINE = > mennyisegi_egyseg : kg
LINE = > egyseg_ar : 403
LINE = > 
LINE = > kod : 5
LINE = > megnevezes : Otos termek
LINE = > mennyisegi_egyseg : liter
LINE = > egyseg_ar : 758
LINE = > 
LINE = > kod : 4
LINE = > megnevezes : Negyes termek
LINE = > mennyisegi_egyseg : csomag
LINE = > egyseg_ar : 61500
LINE = > kod : 1
LINE = > megnevezes : Egyes termek
LINE = > mennyisegi_egyseg : raklap
LINE = > egyseg_ar : 152400
LINE = > 
LINE = > kod : 3
LINE = > megnevezes : Harmas termek     
LINE = > mennyisegi_egyseg : db
LINE = > egyseg_ar : 2850
LINE = > 
LINE = > kod : 2
LINE = > megnevezes : Kettes termek
LINE = > mennyisegi_egyseg : kg
LINE = > egyseg_ar : 403
LINE = > 
LINE = > kod : 5
LINE = > megnevezes : Otos termek
LINE = > mennyisegi_egyseg : liter
LINE = > egyseg_ar : 758
LINE = > 
LINE = > kod : 4
LINE = > megnevezes : Negyes termek
LINE = > mennyisegi_egyseg : csomag
LINE = > egyseg_ar : 61500
]]></system-out>
  </testcase>
</testsuite>