<?xml version="1.0" encoding="UTF-8"?>
<testsuite xmlns:xsi="http://www.w3.org/2001/XMLSchema-instance" xsi:noNamespaceSchemaLocation="https://maven.apache.org/surefire/maven-surefire-plugin/xsd/surefire-test-report-3.0.xsd" version="3.0" name="hu.anzek.backend.invoicesystem.repository.VevoBekereseTest" time="0.092" tests="5" errors="0" skipped="0" failures="0">
  <properties>
[...]
</properties>
  <testcase name="vevoRepo_ShouldNotBeNull" classname="hu.anzek.backend.invoicesystem.repository.VevoBekereseTest" time="0.003"/>
  <testcase name="vevoRepoShouldNotBeNull" classname="hu.anzek.backend.invoicesystem.repository.VevoBekereseTest" time="0.077">
    <system-out><![CDATA[LINE = > kod:1
LINE = > adoszam:23456789-1-02
LINE = > megnevezes:Szamla Vevo-1
LINE = > cim:52459 Borcsiura Kockakocsi ut 5
LINE = > fizmod:1
LINE = > fizhatido:0
LINE = > engedmeny:0
LINE = > deviza:HUF
LINE = > 
A kiolvasott vevo adatsor = Vevo[kod=1, adoszam=23456789-1-02, megnevezes=Szamla Vevo-1, cim=52459 Borcsiura Kockakocsi ut 5, fizmod=1, fizhatido=0, engedmeny=0, deviza=HUF]
- a listank uj merete: 1
LINE = > kod:2
LINE = > adoszam:34567890-1-03
LINE = > megnevezes:Szamla Vevo-2
LINE = > cim:10592 Kiskutylakhaza Vakondturas ter 1234
LINE = > fizmod:2
LINE = > fizhatido:7
LINE = > engedmeny:20
LINE = > deviza:EUR
LINE = > 
A kiolvasott vevo adatsor = Vevo[kod=2, adoszam=34567890-1-03, megnevezes=Szamla Vevo-2, cim=10592 Kiskutylakhaza Vakondturas ter 1234, fizmod=2, fizhatido=7, engedmeny=20, deviza=EUR]
- a listank uj merete: 2
LINE = > kod:3
LINE = > adoszam:45678901-1-04
LINE = > megnevezes:Szamla Vevo-3
LINE = > cim: 60235 Hatvankert Hetvenhatodik utca 145
LINE = > fizmod:2
LINE = > fizhatido:10
LINE = > engedmeny:3
LINE = > deviza:HUF
LINE = > 
A kiolvasott vevo adatsor = Vevo[kod=3, adoszam=45678901-1-04, megnevezes=Szamla Vevo-3, cim=60235 Hatvankert Hetvenhatodik utca 145, fizmod=2, fizhatido=10, engedmeny=3, deviza=HUF]
- a listank uj merete: 3
LINE = > kod:4
LINE = > adoszam:56789012-1-05
LINE = > megnevezes:Szamla Vevo-4
LINE = > cim:35089 Albetetes Golyoscsap ut 70/A 4.em 5.ajto
LINE = > fizmod:1
LINE = > fizhatido:0
LINE = > engedmeny:5
LINE = > deviza:HUF
A kiolvasott vevo adatsor = Vevo[kod=4, adoszam=56789012-1-05, megnevezes=Szamla Vevo-4, cim=35089 Albetetes Golyoscsap ut 70/A 4.em 5.ajto, fizmod=1, fizhatido=0, engedmeny=5, deviza=HUF]
- a listank uj merete: 4
BeolvasTest.Vevo-Lista.Size() = 4
]]></system-out>
  </testcase>
  <testcase name="vevo_ShouldNotBeNull" classname="hu.anzek.backend.invoicesystem.repository.VevoBekereseTest" time="0.002">
    <system-out><![CDATA[LINE = > kod:1
LINE = > adoszam:23456789-1-02
LINE = > megnevezes:Szamla Vevo-1
LINE = > cim:52459 Borcsiura Kockakocsi ut 5
LINE = > fizmod:1
LINE = > fizhatido:0
LINE = > engedmeny:0
LINE = > deviza:HUF
LINE = > 
A kiolvasott vevo adatsor = Vevo[kod=1, adoszam=23456789-1-02, megnevezes=Szamla Vevo-1, cim=52459 Borcsiura Kockakocsi ut 5, fizmod=1, fizhatido=0, engedmeny=0, deviza=HUF]
- a listank uj merete: 1
LINE = > kod:2
LINE = > adoszam:34567890-1-03
LINE = > megnevezes:Szamla Vevo-2
LINE = > cim:10592 Kiskutylakhaza Vakondturas ter 1234
LINE = > fizmod:2
LINE = > fizhatido:7
LINE = > engedmeny:20
LINE = > deviza:EUR
LINE = > 
A kiolvasott vevo adatsor = Vevo[kod=2, adoszam=34567890-1-03, megnevezes=Szamla Vevo-2, cim=10592 Kiskutylakhaza Vakondturas ter 1234, fizmod=2, fizhatido=7, engedmeny=20, deviza=EUR]
- a listank uj merete: 2
LINE = > kod:3
LINE = > adoszam:45678901-1-04
LINE = > megnevezes:Szamla Vevo-3
LINE = > cim: 60235 Hatvankert Hetvenhatodik utca 145
LINE = > fizmod:2
LINE = > fizhatido:10
LINE = > engedmeny:3
LINE = > deviza:HUF
LINE = > 
A kiolvasott vevo adatsor = Vevo[kod=3, adoszam=45678901-1-04, megnevezes=Szamla Vevo-3, cim=60235 Hatvankert Hetvenhatodik utca 145, fizmod=2, fizhatido=10, engedmeny=3, deviza=HUF]
- a listank uj merete: 3
LINE = > kod:4
LINE = > adoszam:56789012-1-05
LINE = > megnevezes:Szamla Vevo-4
LINE = > cim:35089 Albetetes Golyoscsap ut 70/A 4.em 5.ajto
LINE = > fizmod:1
LINE = > fizhatido:0
LINE = > engedmeny:5
LINE = > deviza:HUF
A kiolvasott vevo adatsor = Vevo[kod=4, adoszam=56789012-1-05, megnevezes=Szamla Vevo-4, cim=35089 Albetetes Golyoscsap ut 70/A 4.em 5.ajto, fizmod=1, fizhatido=0, engedmeny=5, deviza=HUF]
- a listank uj merete: 4
]]></system-out>
  </testcase>
  <testcase name="vevoRecordsShouldNotBeEmpty" classname="hu.anzek.backend.invoicesystem.repository.VevoBekereseTest" time="0.002">
    <system-out><![CDATA[LINE = > kod:1
LINE = > adoszam:23456789-1-02
LINE = > megnevezes:Szamla Vevo-1
LINE = > cim:52459 Borcsiura Kockakocsi ut 5
LINE = > fizmod:1
LINE = > fizhatido:0
LINE = > engedmeny:0
LINE = > deviza:HUF
LINE = > 
A kiolvasott vevo adatsor = Vevo[kod=1, adoszam=23456789-1-02, megnevezes=Szamla Vevo-1, cim=52459 Borcsiura Kockakocsi ut 5, fizmod=1, fizhatido=0, engedmeny=0, deviza=HUF]
- a listank uj merete: 1
LINE = > kod:2
LINE = > adoszam:34567890-1-03
LINE = > megnevezes:Szamla Vevo-2
LINE = > cim:10592 Kiskutylakhaza Vakondturas ter 1234
LINE = > fizmod:2
LINE = > fizhatido:7
LINE = > engedmeny:20
LINE = > deviza:EUR
LINE = > 
A kiolvasott vevo adatsor = Vevo[kod=2, adoszam=34567890-1-03, megnevezes=Szamla Vevo-2, cim=10592 Kiskutylakhaza Vakondturas ter 1234, fizmod=2, fizhatido=7, engedmeny=20, deviza=EUR]
- a listank uj merete: 2
LINE = > kod:3
LINE = > adoszam:45678901-1-04
LINE = > megnevezes:Szamla Vevo-3
LINE = > cim: 60235 Hatvankert Hetvenhatodik utca 145
LINE = > fizmod:2
LINE = > fizhatido:10
LINE = > engedmeny:3
LINE = > deviza:HUF
LINE = > 
A kiolvasott vevo adatsor = Vevo[kod=3, adoszam=45678901-1-04, megnevezes=Szamla Vevo-3, cim=60235 Hatvankert Hetvenhatodik utca 145, fizmod=2, fizhatido=10, engedmeny=3, deviza=HUF]
- a listank uj merete: 3
LINE = > kod:4
LINE = > adoszam:56789012-1-05
LINE = > megnevezes:Szamla Vevo-4
LINE = > cim:35089 Albetetes Golyoscsap ut 70/A 4.em 5.ajto
LINE = > fizmod:1
LINE = > fizhatido:0
LINE = > engedmeny:5
LINE = > deviza:HUF
A kiolvasott vevo adatsor = Vevo[kod=4, adoszam=56789012-1-05, megnevezes=Szamla Vevo-4, cim=35089 Albetetes Golyoscsap ut 70/A 4.em 5.ajto, fizmod=1, fizhatido=0, engedmeny=5, deviza=HUF]
- a listank uj merete: 4
]]></system-out>
  </testcase>
  <testcase name="vevo_ShouldNotBeEmpty" classname="hu.anzek.backend.invoicesystem.repository.VevoBekereseTest" time="0.002">
    <system-out><![CDATA[LINE = > kod:1
LINE = > adoszam:23456789-1-02
LINE = > megnevezes:Szamla Vevo-1
LINE = > cim:52459 Borcsiura Kockakocsi ut 5
LINE = > fizmod:1
LINE = > fizhatido:0
LINE = > engedmeny:0
LINE = > deviza:HUF
LINE = > 
A kiolvasott vevo adatsor = Vevo[kod=1, adoszam=23456789-1-02, megnevezes=Szamla Vevo-1, cim=52459 Borcsiura Kockakocsi ut 5, fizmod=1, fizhatido=0, engedmeny=0, deviza=HUF]
- a listank uj merete: 1
LINE = > kod:2
LINE = > adoszam:34567890-1-03
LINE = > megnevezes:Szamla Vevo-2
LINE = > cim:10592 Kiskutylakhaza Vakondturas ter 1234
LINE = > fizmod:2
LINE = > fizhatido:7
LINE = > engedmeny:20
LINE = > deviza:EUR
LINE = > 
A kiolvasott vevo adatsor = Vevo[kod=2, adoszam=34567890-1-03, megnevezes=Szamla Vevo-2, cim=10592 Kiskutylakhaza Vakondturas ter 1234, fizmod=2, fizhatido=7, engedmeny=20, deviza=EUR]
- a listank uj merete: 2
LINE = > kod:3
LINE = > adoszam:45678901-1-04
LINE = > megnevezes:Szamla Vevo-3
LINE = > cim: 60235 Hatvankert Hetvenhatodik utca 145
LINE = > fizmod:2
LINE = > fizhatido:10
LINE = > engedmeny:3
LINE = > deviza:HUF
LINE = > 
A kiolvasott vevo adatsor = Vevo[kod=3, adoszam=45678901-1-04, megnevezes=Szamla Vevo-3, cim=60235 Hatvankert Hetvenhatodik utca 145, fizmod=2, fizhatido=10, engedmeny=3, deviza=HUF]
- a listank uj merete: 3
LINE = > kod:4
LINE = > adoszam:56789012-1-05
LINE = > megnevezes:Szamla Vevo-4
LINE = > cim:35089 Albetetes Golyoscsap ut 70/A 4.em 5.ajto
LINE = > fizmod:1
LINE = > fizhatido:0
LINE = > engedmeny:5
LINE = > deviza:HUF
A kiolvasott vevo adatsor = Vevo[kod=4, adoszam=56789012-1-05, megnevezes=Szamla Vevo-4, cim=35089 Albetetes Golyoscsap ut 70/A 4.em 5.ajto, fizmod=1, fizhatido=0, engedmeny=5, deviza=HUF]
- a listank uj merete: 4
]]></system-out>
  </testcase>
</testsuite>