<?xml version="1.0" encoding="UTF-8"?>
<testsuite xmlns:xsi="http://www.w3.org/2001/XMLSchema-instance" xsi:noNamespaceSchemaLocation="https://maven.apache.org/surefire/maven-surefire-plugin/xsd/surefire-test-report-3.0.xsd" version="3.0" name="hu.anzek.backend.invoicesystem.service.InvoicingTest" time="0.591" tests="2" errors="0" skipped="0" failures="0">
  <properties>
[...]
</properties>
  <testcase name="readSzamlakeszulActualConfigStatus_in_readed_list_Exists_and_is_Not_NULL" classname="hu.anzek.backend.invoicesystem.service.InvoicingTest" time="0.569">
    <system-out><![CDATA[0. szamla lesz a : man001/23
1. szamla lesz a : man002/23
2. szamla lesz a : man003/23
Az aktualis szamla a(z) : man001/23 sorszamu
Az aktualis szamla a(z) : man002/23 sorszamu
cikk = 2 menny= 1
Az aktualis szamla a(z) : man003/23 sorszamu
cikk = 2 menny= 2
A lekerdezett osztalyunk [ hu.anzek.backend.invoicesystem.configuration.InvoceConfigOsztaly ] mezoi- es azok ertekei: 
arfolyam - class hu.anzek.backend.invoicesystem.configuration.InvoceConfigOsztaly$Arfolyam: hu.anzek.backend.invoicesystem.configuration.InvoceConfigOsztaly$Arfolyam@27f3b6d6
invoices - interface java.util.List: [hu.anzek.backend.invoicesystem.configuration.InvoceConfigOsztaly$Invoice@14a54ef6, hu.anzek.backend.invoicesystem.configuration.InvoceConfigOsztaly$Invoice@20921b9b, hu.anzek.backend.invoicesystem.configuration.InvoceConfigOsztaly$Invoice@867ba60]
...<<
A lekerdezett osztalyunk [ hu.anzek.backend.invoicesystem.configuration.DatabaseConfig ] mezoi- es azok ertekei: 
database - class hu.anzek.backend.invoicesystem.configuration.DatabaseConfig$Database: hu.anzek.backend.invoicesystem.configuration.DatabaseConfig$Database@5ba745bc
...<<
A lekerdezett osztalyunk [ hu.anzek.backend.invoicesystem.configuration.DatabaseConfig$Database ] mezoi- es azok ertekei: 
url - class java.lang.String: jdbc:mysql://localhost:3306/invoices_database
username - class java.lang.String: anzek
password - class java.lang.String: 25481558Anzek
...<<
]]></system-out>
  </testcase>
  <testcase name="testThird_invoiceKod_is_equels_Four" classname="hu.anzek.backend.invoicesystem.service.InvoicingTest" time="0.018">
    <system-out><![CDATA[0. szamla lesz a : man001/23
1. szamla lesz a : man002/23
2. szamla lesz a : man003/23
Az aktualis szamla a(z) : man001/23 sorszamu
Az aktualis szamla a(z) : man002/23 sorszamu
cikk = 2 menny= 1
Az aktualis szamla a(z) : man003/23 sorszamu
cikk = 2 menny= 2
A lekerdezett osztalyunk [ hu.anzek.backend.invoicesystem.configuration.InvoceConfigOsztaly ] mezoi- es azok ertekei: 
arfolyam - class hu.anzek.backend.invoicesystem.configuration.InvoceConfigOsztaly$Arfolyam: hu.anzek.backend.invoicesystem.configuration.InvoceConfigOsztaly$Arfolyam@70d8de
invoices - interface java.util.List: [hu.anzek.backend.invoicesystem.configuration.InvoceConfigOsztaly$Invoice@42561fba, hu.anzek.backend.invoicesystem.configuration.InvoceConfigOsztaly$Invoice@595f4da5, hu.anzek.backend.invoicesystem.configuration.InvoceConfigOsztaly$Invoice@46b695ec]
...<<
A lekerdezett osztalyunk [ hu.anzek.backend.invoicesystem.configuration.DatabaseConfig ] mezoi- es azok ertekei: 
database - class hu.anzek.backend.invoicesystem.configuration.DatabaseConfig$Database: hu.anzek.backend.invoicesystem.configuration.DatabaseConfig$Database@408613cc
...<<
A lekerdezett osztalyunk [ hu.anzek.backend.invoicesystem.configuration.DatabaseConfig$Database ] mezoi- es azok ertekei: 
url - class java.lang.String: jdbc:mysql://localhost:3306/invoices_database
username - class java.lang.String: anzek
password - class java.lang.String: 25481558Anzek
...<<
]]></system-out>
  </testcase>
</testsuite>